2022-04-13 14:18:34.629 [main] INFO  Calculator - Calculating factorial of given number:3
2022-04-13 14:18:34.639 [main] INFO  Calculator - Resultant answer of factorial is : 6.0
2022-04-13 14:18:51.604 [main] INFO  Calculator - Calculating square root of given number:19.0
2022-04-13 14:18:51.605 [main] INFO  Calculator - Resultant answer of square root is : 4.358898943540674
2022-04-13 14:19:05.196 [main] INFO  Calculator - Calculating power function of given numbers:2.0,4.0
2022-04-13 14:19:05.197 [main] INFO  Calculator - Resultant answer of power is : 16.0
2022-04-13 14:19:12.760 [main] INFO  Calculator - Calculating natural log of given number:10.0
2022-04-13 14:19:12.761 [main] INFO  Calculator - Resultant answer of natural log is : 10.0
2022-04-13 14:20:48.194 [main] INFO  Calculator - Calculating natural log of given number:10.0
2022-04-13 14:20:48.202 [main] INFO  Calculator - Resultant answer of natural log is : 10.0
2022-04-13 14:22:08.896 [main] INFO  Calculator - Calculating natural log of given number:10.0
2022-04-13 14:22:08.901 [main] INFO  Calculator - Resultant answer of natural log is : 2.302585092994046
2022-04-13 14:22:14.684 [main] INFO  Calculator - Calculating square root of given number:4.0
2022-04-13 14:22:14.685 [main] INFO  Calculator - Resultant answer of square root is : 2.0
2022-04-13 14:26:03.546 [main] INFO  Calculator - Calculating factorial of given number:10
2022-04-13 14:26:03.552 [main] INFO  Calculator - Resultant answer of factorial is : 3628800.0
2022-04-13 15:02:52.598 [main] INFO  Calculator - Calculating square root of given number:4.0
2022-04-13 15:02:52.605 [main] INFO  Calculator - Resultant answer of square root is : 2.0
2022-04-13 15:21:27.937 [main] INFO  Calculator - Calculating natural log of given number:10.0
2022-04-13 15:21:27.947 [main] INFO  Calculator - Natural Log of 10.0is : 2.302585092994046
2022-04-13 15:21:27.947 [main] INFO  Calculator - Calculating natural log of given number:-9.0
2022-04-13 15:21:27.947 [main] INFO  Calculator - Natural Log of -9.0is : -1.0
2022-04-13 15:21:27.948 [main] INFO  Calculator - Calculating natural log of given number:0.0
2022-04-13 15:21:27.948 [main] INFO  Calculator - Natural Log of 0.0is : -1.0
2022-04-13 15:21:27.951 [main] INFO  Calculator - Calculating power function of given numbers:3.0,4.0
2022-04-13 15:21:27.952 [main] INFO  Calculator - Power of 3.0to num2is : 81.0
2022-04-13 15:21:27.952 [main] INFO  Calculator - Calculating power function of given numbers:-2.0,-2.0
2022-04-13 15:21:27.952 [main] INFO  Calculator - Power of -2.0to num2is : 0.25
2022-04-13 15:21:27.953 [main] INFO  Calculator - Calculating power function of given numbers:-3.0,4.0
2022-04-13 15:21:27.953 [main] INFO  Calculator - Power of -3.0to num2is : 81.0
2022-04-13 15:21:27.953 [main] INFO  Calculator - Calculating power function of given numbers:2.0,-2.0
2022-04-13 15:21:27.953 [main] INFO  Calculator - Power of 2.0to num2is : 0.25
2022-04-13 15:21:27.954 [main] INFO  Calculator - Calculating natural log of given number:-9.0
2022-04-13 15:21:27.954 [main] INFO  Calculator - Natural Log of -9.0is : -1.0
2022-04-13 15:21:27.956 [main] INFO  Calculator - Calculating factorial of given number:5
2022-04-13 15:21:27.956 [main] INFO  Calculator - Factorial of Input : 5is : 120.0
2022-04-13 15:21:27.956 [main] INFO  Calculator - Calculating factorial of given number:0
2022-04-13 15:21:27.957 [main] INFO  Calculator - Calculating factorial of given number:-23
2022-04-13 15:21:27.957 [main] INFO  Calculator - Factorial of Input : -23is : -1.0
2022-04-13 15:21:27.957 [main] INFO  Calculator - Calculating factorial of given number:1
2022-04-13 15:21:27.957 [main] INFO  Calculator - Calculating factorial of given number:11
2022-04-13 15:21:27.958 [main] INFO  Calculator - Factorial of Input : 11is : 3.99168E7
2022-04-13 15:21:27.960 [main] INFO  Calculator - Calculating square root of given number:100.0
2022-04-13 15:21:27.961 [main] INFO  Calculator - Square root of Input : 100.0is : 10.0
2022-04-13 15:21:27.962 [main] INFO  Calculator - Calculating square root of given number:100.0
2022-04-13 15:21:27.962 [main] INFO  Calculator - Square root of Input : 100.0is : 10.0
2022-04-13 15:21:27.963 [main] INFO  Calculator - Calculating square root of given number:-4.0
2022-04-13 15:21:27.963 [main] INFO  Calculator - Square root of Input : -4.0is : -1.0
2022-04-13 15:32:24.315 [main] INFO  Calculator - Calculating natural log of given number:10.0
2022-04-13 15:32:24.324 [main] INFO  Calculator - Natural Log of 10.0is : 2.302585092994046
2022-04-13 15:32:24.325 [main] INFO  Calculator - Calculating natural log of given number:-9.0
2022-04-13 15:32:24.325 [main] INFO  Calculator - Natural Log of -9.0is : -1.0
2022-04-13 15:32:24.326 [main] INFO  Calculator - Calculating natural log of given number:0.0
2022-04-13 15:32:24.326 [main] INFO  Calculator - Natural Log of 0.0is : -1.0
2022-04-13 15:32:24.330 [main] INFO  Calculator - Calculating power function of given numbers:3.0,4.0
2022-04-13 15:32:24.330 [main] INFO  Calculator - Power of 3.0to num2is : 81.0
2022-04-13 15:32:24.331 [main] INFO  Calculator - Calculating power function of given numbers:-2.0,-2.0
2022-04-13 15:32:24.331 [main] INFO  Calculator - Power of -2.0to num2is : 0.25
2022-04-13 15:32:24.332 [main] INFO  Calculator - Calculating power function of given numbers:-3.0,4.0
2022-04-13 15:32:24.332 [main] INFO  Calculator - Power of -3.0to num2is : 81.0
2022-04-13 15:32:24.333 [main] INFO  Calculator - Calculating power function of given numbers:2.0,-2.0
2022-04-13 15:32:24.334 [main] INFO  Calculator - Power of 2.0to num2is : 0.25
2022-04-13 15:32:24.335 [main] INFO  Calculator - Calculating natural log of given number:-9.0
2022-04-13 15:32:24.335 [main] INFO  Calculator - Natural Log of -9.0is : -1.0
2022-04-13 15:32:24.338 [main] INFO  Calculator - Calculating factorial of given number:5
2022-04-13 15:32:24.339 [main] INFO  Calculator - Factorial of Input : 5is : 120.0
2022-04-13 15:32:24.339 [main] INFO  Calculator - Calculating factorial of given number:0
2022-04-13 15:32:24.340 [main] INFO  Calculator - Calculating factorial of given number:-23
2022-04-13 15:32:24.341 [main] INFO  Calculator - Factorial of Input : -23is : -1.0
2022-04-13 15:32:24.342 [main] INFO  Calculator - Calculating factorial of given number:1
2022-04-13 15:32:24.343 [main] INFO  Calculator - Calculating factorial of given number:11
2022-04-13 15:32:24.344 [main] INFO  Calculator - Factorial of Input : 11is : 3.99168E7
2022-04-13 15:32:24.347 [main] INFO  Calculator - Calculating square root of given number:100.0
2022-04-13 15:32:24.348 [main] INFO  Calculator - Square root of Input : 100.0is : 10.0
2022-04-13 15:32:24.349 [main] INFO  Calculator - Calculating square root of given number:100.0
2022-04-13 15:32:24.350 [main] INFO  Calculator - Square root of Input : 100.0is : 10.0
2022-04-13 15:32:24.350 [main] INFO  Calculator - Calculating square root of given number:-4.0
2022-04-13 15:32:24.351 [main] INFO  Calculator - Square root of Input : -4.0is : -1.0
2022-04-13 15:32:24.352 [main] INFO  Calculator - Calculating square root of given number:4.0
2022-04-13 15:32:24.353 [main] INFO  Calculator - Square root of Input : 4.0is : 2.0
2022-04-13 15:32:24.353 [main] INFO  Calculator - Calculating square root of given number:25.0
2022-04-13 15:32:24.354 [main] INFO  Calculator - Square root of Input : 25.0is : 5.0
2022-04-13 15:37:23.146 [main] INFO  Calculator - Calculating natural log of given number:10.0
2022-04-13 15:37:23.154 [main] INFO  Calculator - Natural Log of 10.0is : 2.302585092994046
2022-04-13 15:37:23.155 [main] INFO  Calculator - Calculating natural log of given number:-9.0
2022-04-13 15:37:23.156 [main] INFO  Calculator - Natural Log of -9.0is : -1.0
2022-04-13 15:37:23.156 [main] INFO  Calculator - Calculating natural log of given number:0.0
2022-04-13 15:37:23.156 [main] INFO  Calculator - Natural Log of 0.0is : -1.0
2022-04-13 15:37:23.157 [main] INFO  Calculator - Calculating natural log of given number:10.0
2022-04-13 15:37:23.157 [main] INFO  Calculator - Natural Log of 10.0is : 2.302585092994046
2022-04-13 15:37:23.160 [main] INFO  Calculator - Calculating power function of given numbers:3.0,4.0
2022-04-13 15:37:23.161 [main] INFO  Calculator - Power of 3.0to num2is : 81.0
2022-04-13 15:37:23.161 [main] INFO  Calculator - Calculating power function of given numbers:-2.0,-2.0
2022-04-13 15:37:23.162 [main] INFO  Calculator - Power of -2.0to num2is : 0.25
2022-04-13 15:37:23.163 [main] INFO  Calculator - Calculating power function of given numbers:-3.0,4.0
2022-04-13 15:37:23.164 [main] INFO  Calculator - Power of -3.0to num2is : 81.0
2022-04-13 15:37:23.165 [main] INFO  Calculator - Calculating power function of given numbers:2.0,-2.0
2022-04-13 15:37:23.165 [main] INFO  Calculator - Power of 2.0to num2is : 0.25
2022-04-13 15:37:23.166 [main] INFO  Calculator - Calculating power function of given numbers:3.0,4.0
2022-04-13 15:37:23.167 [main] INFO  Calculator - Power of 3.0to num2is : 81.0
2022-04-13 15:37:23.169 [main] INFO  Calculator - Calculating factorial of given number:5
2022-04-13 15:37:23.170 [main] INFO  Calculator - Factorial of Input : 5is : 120.0
2022-04-13 15:37:23.171 [main] INFO  Calculator - Calculating factorial of given number:0
2022-04-13 15:37:23.172 [main] INFO  Calculator - Calculating factorial of given number:-23
2022-04-13 15:37:23.172 [main] INFO  Calculator - Factorial of Input : -23is : -1.0
2022-04-13 15:37:23.175 [main] INFO  Calculator - Calculating factorial of given number:1
2022-04-13 15:37:23.175 [main] INFO  Calculator - Calculating factorial of given number:11
2022-04-13 15:37:23.176 [main] INFO  Calculator - Factorial of Input : 11is : 3.99168E7
2022-04-13 15:37:23.178 [main] INFO  Calculator - Calculating square root of given number:100.0
2022-04-13 15:37:23.180 [main] INFO  Calculator - Square root of Input : 100.0is : 10.0
2022-04-13 15:37:23.181 [main] INFO  Calculator - Calculating square root of given number:100.0
2022-04-13 15:37:23.182 [main] INFO  Calculator - Square root of Input : 100.0is : 10.0
2022-04-13 15:37:23.182 [main] INFO  Calculator - Calculating square root of given number:-4.0
2022-04-13 15:37:23.183 [main] INFO  Calculator - Square root of Input : -4.0is : -1.0
2022-04-13 15:37:23.183 [main] INFO  Calculator - Calculating square root of given number:4.0
2022-04-13 15:37:23.184 [main] INFO  Calculator - Square root of Input : 4.0is : 2.0
2022-04-13 15:37:23.184 [main] INFO  Calculator - Calculating square root of given number:25.0
2022-04-13 15:37:23.184 [main] INFO  Calculator - Square root of Input : 25.0is : 5.0
2022-04-13 15:40:36.136 [main] INFO  Calculator - Calculating natural log of given number:10.0
2022-04-13 15:40:36.145 [main] INFO  Calculator - Natural Log of 10.0is : 2.302585092994046
2022-04-13 15:40:36.146 [main] INFO  Calculator - Calculating natural log of given number:-9.0
2022-04-13 15:40:36.147 [main] INFO  Calculator - Natural Log of -9.0is : -1.0
2022-04-13 15:40:36.147 [main] INFO  Calculator - Calculating natural log of given number:0.0
2022-04-13 15:40:36.148 [main] INFO  Calculator - Natural Log of 0.0is : -1.0
2022-04-13 15:40:36.148 [main] INFO  Calculator - Calculating natural log of given number:10.0
2022-04-13 15:40:36.148 [main] INFO  Calculator - Natural Log of 10.0is : 2.302585092994046
2022-04-13 15:40:36.152 [main] INFO  Calculator - Calculating power function of given numbers:3.0,4.0
2022-04-13 15:40:36.153 [main] INFO  Calculator - Power of 3.0to num2is : 81.0
2022-04-13 15:40:36.153 [main] INFO  Calculator - Calculating power function of given numbers:-2.0,-2.0
2022-04-13 15:40:36.154 [main] INFO  Calculator - Power of -2.0to num2is : 0.25
2022-04-13 15:40:36.155 [main] INFO  Calculator - Calculating power function of given numbers:-3.0,4.0
2022-04-13 15:40:36.156 [main] INFO  Calculator - Power of -3.0to num2is : 81.0
2022-04-13 15:40:36.157 [main] INFO  Calculator - Calculating power function of given numbers:2.0,-2.0
2022-04-13 15:40:36.158 [main] INFO  Calculator - Power of 2.0to num2is : 0.25
2022-04-13 15:40:36.158 [main] INFO  Calculator - Calculating power function of given numbers:3.0,4.0
2022-04-13 15:40:36.159 [main] INFO  Calculator - Power of 3.0to num2is : 81.0
2022-04-13 15:40:36.161 [main] INFO  Calculator - Calculating factorial of given number:5
2022-04-13 15:40:36.162 [main] INFO  Calculator - Factorial of Input : 5is : 120.0
2022-04-13 15:40:36.163 [main] INFO  Calculator - Calculating factorial of given number:0
2022-04-13 15:40:36.163 [main] INFO  Calculator - Calculating factorial of given number:-23
2022-04-13 15:40:36.164 [main] INFO  Calculator - Factorial of Input : -23is : -1.0
2022-04-13 15:40:36.165 [main] INFO  Calculator - Calculating factorial of given number:1
2022-04-13 15:40:36.165 [main] INFO  Calculator - Calculating factorial of given number:11
2022-04-13 15:40:36.165 [main] INFO  Calculator - Factorial of Input : 11is : 3.99168E7
2022-04-13 15:40:36.166 [main] INFO  Calculator - Calculating factorial of given number:11
2022-04-13 15:40:36.166 [main] INFO  Calculator - Factorial of Input : 11is : 3.99168E7
2022-04-13 15:40:36.169 [main] INFO  Calculator - Calculating square root of given number:100.0
2022-04-13 15:40:36.171 [main] INFO  Calculator - Square root of Input : 100.0is : 10.0
2022-04-13 15:40:36.171 [main] INFO  Calculator - Calculating square root of given number:100.0
2022-04-13 15:40:36.172 [main] INFO  Calculator - Square root of Input : 100.0is : 10.0
2022-04-13 15:40:36.172 [main] INFO  Calculator - Calculating square root of given number:-4.0
2022-04-13 15:40:36.173 [main] INFO  Calculator - Square root of Input : -4.0is : -1.0
2022-04-13 15:40:36.173 [main] INFO  Calculator - Calculating square root of given number:4.0
2022-04-13 15:40:36.174 [main] INFO  Calculator - Square root of Input : 4.0is : 2.0
2022-04-13 15:40:36.174 [main] INFO  Calculator - Calculating square root of given number:25.0
2022-04-13 15:40:36.175 [main] INFO  Calculator - Square root of Input : 25.0is : 5.0
